Arguments: 
  /usr/local/bin/node /Users/dara/.yarn/bin/yarn.js add google-spread-sheet

PATH: 
  /opt/homebrew/opt/openjdk/bin:/Users/dara/.yarn/bin:/Users/dara/.config/yarn/global/node_modules/.bin:/opt/homebrew/bin:/usr/local/bin:/usr/bin:/bin:/usr/sbin:/sbin:/Users/dara/flutter/bin

Yarn version: 
  1.22.5

Node version: 
  14.15.4

Platform: 
  darwin x64

Trace: 
  Error: https://registry.yarnpkg.com/google-spread-sheet: Not found
      at Request.params.callback [as _callback] (/Users/dara/.yarn/lib/cli.js:66988:18)
      at Request.self.callback (/Users/dara/.yarn/lib/cli.js:140749:22)
      at Request.emit (events.js:315:20)
      at Request.<anonymous> (/Users/dara/.yarn/lib/cli.js:141721:10)
      at Request.emit (events.js:315:20)
      at IncomingMessage.<anonymous> (/Users/dara/.yarn/lib/cli.js:141643:12)
      at Object.onceWrapper (events.js:421:28)
      at IncomingMessage.emit (events.js:327:22)
      at endReadableNT (internal/streams/readable.js:1327:12)
      at processTicksAndRejections (internal/process/task_queues.js:80:21)

npm manifest: 
  {
    "name": "spread-sheet-node",
    "version": "1.0.0",
    "main": "index.js",
    "license": "MIT"
  }

yarn manifest: 
  No manifest

Lockfile: 
  No lockfile
